<?xml version="1.0" encoding="UTF-8"?>
<testsuites tests="1" failures="1" disabled="0" errors="0" time="4" timestamp="2025-06-07T00:08:21.223" name="AllTests">
  <testsuite name="WebSocketClientPlainTest" tests="1" failures="1" disabled="0" skipped="0" errors="0" time="4" timestamp="2025-06-07T00:08:21.223">
    <testcase name="CanConnectToEchoServer" status="run" result="completed" time="4" timestamp="2025-06-07T00:08:21.223" classname="WebSocketClientPlainTest">
      <failure message="../../test/websocket_client_plain_test.cpp:69&#x0A;Value of: message_received&#x0A;  Actual: false&#x0A;Expected: true" type=""><![CDATA[../../test/websocket_client_plain_test.cpp:69
Value of: message_received
  Actual: false
Expected: true]]></failure>
      <failure message="../../test/websocket_client_plain_test.cpp:70&#x0A;Expected equality of these values:&#x0A;  received_message&#x0A;    Which is: &quot;&quot;&#x0A;  &quot;Hello, WebSocket!&quot;" type=""><![CDATA[../../test/websocket_client_plain_test.cpp:70
Expected equality of these values:
  received_message
    Which is: ""
  "Hello, WebSocket!"]]></failure>
      <failure message="../../test/websocket_client_plain_test.cpp:71&#x0A;Value of: error_received&#x0A;  Actual: true&#x0A;Expected: false" type=""><![CDATA[../../test/websocket_client_plain_test.cpp:71
Value of: error_received
  Actual: true
Expected: false]]></failure>
    </testcase>
  </testsuite>
</testsuites>
